2016-06-21 12:22:42,369 - Log4JLogChute initialized using file 'velocity.log'
2016-06-21 12:22:42,370 - Velocity was not initialized! Calling init()...
2016-06-21 12:22:42,370 - Starting Apache Velocity v1.5 (compiled: 2007-02-22 08:52:29)
2016-06-21 12:22:42,370 - Default Properties File: org\apache\velocity\runtime\defaults\velocity.properties
2016-06-21 12:22:42,371 - Trying to use logger class org.apache.velocity.runtime.log.AvalonLogChute
2016-06-21 12:22:42,387 - Couldn't find class org.apache.velocity.runtime.log.AvalonLogChute or necessary supporting classes in classpath.
java.lang.NoClassDefFoundError: org/apache/log/format/Formatter
	at java.lang.Class.forName0(Native Method)
	at java.lang.Class.forName(Class.java:348)
	at org.apache.velocity.util.ClassUtils.getClass(ClassUtils.java:63)
	at org.apache.velocity.util.ClassUtils.getNewInstance(ClassUtils.java:95)
	at org.apache.velocity.runtime.log.LogManager.createLogChute(LogManager.java:147)
	at org.apache.velocity.runtime.log.LogManager.updateLog(LogManager.java:208)
	at org.apache.velocity.runtime.RuntimeInstance.initializeLog(RuntimeInstance.java:728)
	at org.apache.velocity.runtime.RuntimeInstance.init(RuntimeInstance.java:240)
	at org.apache.velocity.runtime.RuntimeInstance.parse(RuntimeInstance.java:993)
	at org.apache.velocity.runtime.RuntimeInstance.parse(RuntimeInstance.java:972)
	at org.apache.velocity.runtime.RuntimeSingleton.parse(RuntimeSingleton.java:265)
	at org.apache.velocity.app.Velocity.evaluate(Velocity.java:274)
	at project.sixteen.WeatherFormatter.format(WeatherFormatter.java:19)
	at project.sixteen.WeatherFormatterTest.testFormat(WeatherFormatterTest.java:19)
	at sun.reflect.NativeMethodAccessorImpl.invoke0(Native Method)
	at sun.reflect.NativeMethodAccessorImpl.invoke(NativeMethodAccessorImpl.java:62)
	at sun.reflect.DelegatingMethodAccessorImpl.invoke(DelegatingMethodAccessorImpl.java:43)
	at java.lang.reflect.Method.invoke(Method.java:498)
	at junit.framework.TestCase.runTest(TestCase.java:154)
	at junit.framework.TestCase.runBare(TestCase.java:127)
	at junit.framework.TestResult$1.protect(TestResult.java:106)
	at junit.framework.TestResult.runProtected(TestResult.java:124)
	at junit.framework.TestResult.run(TestResult.java:109)
	at junit.framework.TestCase.run(TestCase.java:118)
	at junit.framework.TestSuite.runTest(TestSuite.java:208)
	at junit.framework.TestSuite.run(TestSuite.java:203)
	at sun.reflect.NativeMethodAccessorImpl.invoke0(Native Method)
	at sun.reflect.NativeMethodAccessorImpl.invoke(NativeMethodAccessorImpl.java:62)
	at sun.reflect.DelegatingMethodAccessorImpl.invoke(DelegatingMethodAccessorImpl.java:43)
	at java.lang.reflect.Method.invoke(Method.java:498)
	at org.apache.maven.surefire.junit.JUnitTestSet.execute(JUnitTestSet.java:95)
	at org.apache.maven.surefire.junit.JUnit3Provider.executeTestSet(JUnit3Provider.java:121)
	at org.apache.maven.surefire.junit.JUnit3Provider.invoke(JUnit3Provider.java:98)
	at sun.reflect.NativeMethodAccessorImpl.invoke0(Native Method)
	at sun.reflect.NativeMethodAccessorImpl.invoke(NativeMethodAccessorImpl.java:62)
	at sun.reflect.DelegatingMethodAccessorImpl.invoke(DelegatingMethodAccessorImpl.java:43)
	at java.lang.reflect.Method.invoke(Method.java:498)
	at org.apache.maven.surefire.util.ReflectionUtils.invokeMethodWithArray(ReflectionUtils.java:189)
	at org.apache.maven.surefire.booter.ProviderFactory$ProviderProxy.invoke(ProviderFactory.java:165)
	at org.apache.maven.surefire.booter.ProviderFactory.invokeProvider(ProviderFactory.java:85)
	at org.apache.maven.surefire.booter.ForkedBooter.runSuitesInProcess(ForkedBooter.java:115)
	at org.apache.maven.surefire.booter.ForkedBooter.main(ForkedBooter.java:75)
Caused by: java.lang.ClassNotFoundException: org.apache.log.format.Formatter
	at java.net.URLClassLoader.findClass(URLClassLoader.java:381)
	at java.lang.ClassLoader.loadClass(ClassLoader.java:424)
	at sun.misc.Launcher$AppClassLoader.loadClass(Launcher.java:331)
	at java.lang.ClassLoader.loadClass(ClassLoader.java:357)
	... 42 more
2016-06-21 12:22:42,391 - Trying to use logger class org.apache.velocity.runtime.log.Log4JLogChute
2016-06-21 12:22:42,391 - Using logger class org.apache.velocity.runtime.log.Log4JLogChute
2016-06-21 12:22:42,396 - Default ResourceManager initializing. (class org.apache.velocity.runtime.resource.ResourceManagerImpl)
2016-06-21 12:22:42,403 - ResourceLoader instantiated: org.apache.velocity.runtime.resource.loader.FileResourceLoader
2016-06-21 12:22:42,405 - Do unicode file recognition:  false
2016-06-21 12:22:42,406 - FileResourceLoader : adding path '.'
2016-06-21 12:22:42,463 - ResourceCache: initialized (class org.apache.velocity.runtime.resource.ResourceCacheImpl)
2016-06-21 12:22:42,465 - Loaded System Directive: org.apache.velocity.runtime.directive.Literal
2016-06-21 12:22:42,467 - Loaded System Directive: org.apache.velocity.runtime.directive.Macro
2016-06-21 12:22:42,470 - Loaded System Directive: org.apache.velocity.runtime.directive.Parse
2016-06-21 12:22:42,472 - Loaded System Directive: org.apache.velocity.runtime.directive.Include
2016-06-21 12:22:42,474 - Loaded System Directive: org.apache.velocity.runtime.directive.Foreach
2016-06-21 12:22:42,525 - Created '20' parsers.
2016-06-21 12:22:42,548 - Velocimacro : "velocimacro.library" is not set.  Trying default library: VM_global_library.vm
2016-06-21 12:22:42,548 - Velocimacro : Default library not found.
2016-06-21 12:22:42,548 - Velocimacro : allowInline = true : VMs can be defined inline in templates
2016-06-21 12:22:42,548 - Velocimacro : allowInlineToOverride = false : VMs defined inline may NOT replace previous VM definitions
2016-06-21 12:22:42,549 - Velocimacro : allowInlineLocal = false : VMs defined inline will be global in scope if allowed.
2016-06-21 12:22:42,549 - Velocimacro : autoload off : VM system will not automatically reload global library macros
2016-06-21 12:27:52,006 - Log4JLogChute initialized using file 'velocity.log'
2016-06-21 12:27:52,007 - Velocity was not initialized! Calling init()...
2016-06-21 12:27:52,007 - Starting Apache Velocity v1.5 (compiled: 2007-02-22 08:52:29)
2016-06-21 12:27:52,007 - Default Properties File: org\apache\velocity\runtime\defaults\velocity.properties
2016-06-21 12:27:52,007 - Trying to use logger class org.apache.velocity.runtime.log.AvalonLogChute
2016-06-21 12:27:52,010 - Couldn't find class org.apache.velocity.runtime.log.AvalonLogChute or necessary supporting classes in classpath.
java.lang.NoClassDefFoundError: org/apache/log/format/Formatter
	at java.lang.Class.forName0(Native Method)
	at java.lang.Class.forName(Class.java:348)
	at org.apache.velocity.util.ClassUtils.getClass(ClassUtils.java:63)
	at org.apache.velocity.util.ClassUtils.getNewInstance(ClassUtils.java:95)
	at org.apache.velocity.runtime.log.LogManager.createLogChute(LogManager.java:147)
	at org.apache.velocity.runtime.log.LogManager.updateLog(LogManager.java:208)
	at org.apache.velocity.runtime.RuntimeInstance.initializeLog(RuntimeInstance.java:728)
	at org.apache.velocity.runtime.RuntimeInstance.init(RuntimeInstance.java:240)
	at org.apache.velocity.runtime.RuntimeInstance.parse(RuntimeInstance.java:993)
	at org.apache.velocity.runtime.RuntimeInstance.parse(RuntimeInstance.java:972)
	at org.apache.velocity.runtime.RuntimeSingleton.parse(RuntimeSingleton.java:265)
	at org.apache.velocity.app.Velocity.evaluate(Velocity.java:274)
	at project.sixteen.WeatherFormatter.format(WeatherFormatter.java:19)
	at project.sixteen.WeatherFormatterTest.testFormat(WeatherFormatterTest.java:19)
	at sun.reflect.NativeMethodAccessorImpl.invoke0(Native Method)
	at sun.reflect.NativeMethodAccessorImpl.invoke(NativeMethodAccessorImpl.java:62)
	at sun.reflect.DelegatingMethodAccessorImpl.invoke(DelegatingMethodAccessorImpl.java:43)
	at java.lang.reflect.Method.invoke(Method.java:498)
	at junit.framework.TestCase.runTest(TestCase.java:154)
	at junit.framework.TestCase.runBare(TestCase.java:127)
	at junit.framework.TestResult$1.protect(TestResult.java:106)
	at junit.framework.TestResult.runProtected(TestResult.java:124)
	at junit.framework.TestResult.run(TestResult.java:109)
	at junit.framework.TestCase.run(TestCase.java:118)
	at junit.framework.TestSuite.runTest(TestSuite.java:208)
	at junit.framework.TestSuite.run(TestSuite.java:203)
	at sun.reflect.NativeMethodAccessorImpl.invoke0(Native Method)
	at sun.reflect.NativeMethodAccessorImpl.invoke(NativeMethodAccessorImpl.java:62)
	at sun.reflect.DelegatingMethodAccessorImpl.invoke(DelegatingMethodAccessorImpl.java:43)
	at java.lang.reflect.Method.invoke(Method.java:498)
	at org.apache.maven.surefire.junit.JUnitTestSet.execute(JUnitTestSet.java:95)
	at org.apache.maven.surefire.junit.JUnit3Provider.executeTestSet(JUnit3Provider.java:121)
	at org.apache.maven.surefire.junit.JUnit3Provider.invoke(JUnit3Provider.java:98)
	at sun.reflect.NativeMethodAccessorImpl.invoke0(Native Method)
	at sun.reflect.NativeMethodAccessorImpl.invoke(NativeMethodAccessorImpl.java:62)
	at sun.reflect.DelegatingMethodAccessorImpl.invoke(DelegatingMethodAccessorImpl.java:43)
	at java.lang.reflect.Method.invoke(Method.java:498)
	at org.apache.maven.surefire.util.ReflectionUtils.invokeMethodWithArray(ReflectionUtils.java:189)
	at org.apache.maven.surefire.booter.ProviderFactory$ProviderProxy.invoke(ProviderFactory.java:165)
	at org.apache.maven.surefire.booter.ProviderFactory.invokeProvider(ProviderFactory.java:85)
	at org.apache.maven.surefire.booter.ForkedBooter.runSuitesInProcess(ForkedBooter.java:115)
	at org.apache.maven.surefire.booter.ForkedBooter.main(ForkedBooter.java:75)
Caused by: java.lang.ClassNotFoundException: org.apache.log.format.Formatter
	at java.net.URLClassLoader.findClass(URLClassLoader.java:381)
	at java.lang.ClassLoader.loadClass(ClassLoader.java:424)
	at sun.misc.Launcher$AppClassLoader.loadClass(Launcher.java:331)
	at java.lang.ClassLoader.loadClass(ClassLoader.java:357)
	... 42 more
2016-06-21 12:27:52,014 - Trying to use logger class org.apache.velocity.runtime.log.Log4JLogChute
2016-06-21 12:27:52,014 - Using logger class org.apache.velocity.runtime.log.Log4JLogChute
2016-06-21 12:27:52,018 - Default ResourceManager initializing. (class org.apache.velocity.runtime.resource.ResourceManagerImpl)
2016-06-21 12:27:52,026 - ResourceLoader instantiated: org.apache.velocity.runtime.resource.loader.FileResourceLoader
2016-06-21 12:27:52,029 - Do unicode file recognition:  false
2016-06-21 12:27:52,029 - FileResourceLoader : adding path '.'
2016-06-21 12:27:52,056 - ResourceCache: initialized (class org.apache.velocity.runtime.resource.ResourceCacheImpl)
2016-06-21 12:27:52,059 - Loaded System Directive: org.apache.velocity.runtime.directive.Literal
2016-06-21 12:27:52,062 - Loaded System Directive: org.apache.velocity.runtime.directive.Macro
2016-06-21 12:27:52,065 - Loaded System Directive: org.apache.velocity.runtime.directive.Parse
2016-06-21 12:27:52,067 - Loaded System Directive: org.apache.velocity.runtime.directive.Include
2016-06-21 12:27:52,069 - Loaded System Directive: org.apache.velocity.runtime.directive.Foreach
2016-06-21 12:27:52,129 - Created '20' parsers.
2016-06-21 12:27:52,151 - Velocimacro : "velocimacro.library" is not set.  Trying default library: VM_global_library.vm
2016-06-21 12:27:52,152 - Velocimacro : Default library not found.
2016-06-21 12:27:52,152 - Velocimacro : allowInline = true : VMs can be defined inline in templates
2016-06-21 12:27:52,152 - Velocimacro : allowInlineToOverride = false : VMs defined inline may NOT replace previous VM definitions
2016-06-21 12:27:52,153 - Velocimacro : allowInlineLocal = false : VMs defined inline will be global in scope if allowed.
2016-06-21 12:27:52,153 - Velocimacro : autoload off : VM system will not automatically reload global library macros
2016-06-21 12:34:02,287 - Log4JLogChute initialized using file 'velocity.log'
2016-06-21 12:34:02,288 - Velocity was not initialized! Calling init()...
2016-06-21 12:34:02,288 - Starting Apache Velocity v1.5 (compiled: 2007-02-22 08:52:29)
2016-06-21 12:34:02,288 - Default Properties File: org\apache\velocity\runtime\defaults\velocity.properties
2016-06-21 12:34:02,288 - Trying to use logger class org.apache.velocity.runtime.log.AvalonLogChute
2016-06-21 12:34:02,291 - Couldn't find class org.apache.velocity.runtime.log.AvalonLogChute or necessary supporting classes in classpath.
java.lang.NoClassDefFoundError: org/apache/log/format/Formatter
	at java.lang.Class.forName0(Native Method)
	at java.lang.Class.forName(Class.java:348)
	at org.apache.velocity.util.ClassUtils.getClass(ClassUtils.java:63)
	at org.apache.velocity.util.ClassUtils.getNewInstance(ClassUtils.java:95)
	at org.apache.velocity.runtime.log.LogManager.createLogChute(LogManager.java:147)
	at org.apache.velocity.runtime.log.LogManager.updateLog(LogManager.java:208)
	at org.apache.velocity.runtime.RuntimeInstance.initializeLog(RuntimeInstance.java:728)
	at org.apache.velocity.runtime.RuntimeInstance.init(RuntimeInstance.java:240)
	at org.apache.velocity.runtime.RuntimeInstance.parse(RuntimeInstance.java:993)
	at org.apache.velocity.runtime.RuntimeInstance.parse(RuntimeInstance.java:972)
	at org.apache.velocity.runtime.RuntimeSingleton.parse(RuntimeSingleton.java:265)
	at org.apache.velocity.app.Velocity.evaluate(Velocity.java:274)
	at project.sixteen.WeatherFormatter.format(WeatherFormatter.java:19)
	at project.sixteen.WeatherFormatterTest.testFormat(WeatherFormatterTest.java:19)
	at sun.reflect.NativeMethodAccessorImpl.invoke0(Native Method)
	at sun.reflect.NativeMethodAccessorImpl.invoke(NativeMethodAccessorImpl.java:62)
	at sun.reflect.DelegatingMethodAccessorImpl.invoke(DelegatingMethodAccessorImpl.java:43)
	at java.lang.reflect.Method.invoke(Method.java:498)
	at junit.framework.TestCase.runTest(TestCase.java:154)
	at junit.framework.TestCase.runBare(TestCase.java:127)
	at junit.framework.TestResult$1.protect(TestResult.java:106)
	at junit.framework.TestResult.runProtected(TestResult.java:124)
	at junit.framework.TestResult.run(TestResult.java:109)
	at junit.framework.TestCase.run(TestCase.java:118)
	at junit.framework.TestSuite.runTest(TestSuite.java:208)
	at junit.framework.TestSuite.run(TestSuite.java:203)
	at sun.reflect.NativeMethodAccessorImpl.invoke0(Native Method)
	at sun.reflect.NativeMethodAccessorImpl.invoke(NativeMethodAccessorImpl.java:62)
	at sun.reflect.DelegatingMethodAccessorImpl.invoke(DelegatingMethodAccessorImpl.java:43)
	at java.lang.reflect.Method.invoke(Method.java:498)
	at org.apache.maven.surefire.junit.JUnitTestSet.execute(JUnitTestSet.java:95)
	at org.apache.maven.surefire.junit.JUnit3Provider.executeTestSet(JUnit3Provider.java:121)
	at org.apache.maven.surefire.junit.JUnit3Provider.invoke(JUnit3Provider.java:98)
	at sun.reflect.NativeMethodAccessorImpl.invoke0(Native Method)
	at sun.reflect.NativeMethodAccessorImpl.invoke(NativeMethodAccessorImpl.java:62)
	at sun.reflect.DelegatingMethodAccessorImpl.invoke(DelegatingMethodAccessorImpl.java:43)
	at java.lang.reflect.Method.invoke(Method.java:498)
	at org.apache.maven.surefire.util.ReflectionUtils.invokeMethodWithArray(ReflectionUtils.java:189)
	at org.apache.maven.surefire.booter.ProviderFactory$ProviderProxy.invoke(ProviderFactory.java:165)
	at org.apache.maven.surefire.booter.ProviderFactory.invokeProvider(ProviderFactory.java:85)
	at org.apache.maven.surefire.booter.ForkedBooter.runSuitesInProcess(ForkedBooter.java:115)
	at org.apache.maven.surefire.booter.ForkedBooter.main(ForkedBooter.java:75)
Caused by: java.lang.ClassNotFoundException: org.apache.log.format.Formatter
	at java.net.URLClassLoader.findClass(URLClassLoader.java:381)
	at java.lang.ClassLoader.loadClass(ClassLoader.java:424)
	at sun.misc.Launcher$AppClassLoader.loadClass(Launcher.java:331)
	at java.lang.ClassLoader.loadClass(ClassLoader.java:357)
	... 42 more
2016-06-21 12:34:02,294 - Trying to use logger class org.apache.velocity.runtime.log.Log4JLogChute
2016-06-21 12:34:02,294 - Using logger class org.apache.velocity.runtime.log.Log4JLogChute
2016-06-21 12:34:02,297 - Default ResourceManager initializing. (class org.apache.velocity.runtime.resource.ResourceManagerImpl)
2016-06-21 12:34:02,303 - ResourceLoader instantiated: org.apache.velocity.runtime.resource.loader.FileResourceLoader
2016-06-21 12:34:02,305 - Do unicode file recognition:  false
2016-06-21 12:34:02,305 - FileResourceLoader : adding path '.'
2016-06-21 12:34:02,328 - ResourceCache: initialized (class org.apache.velocity.runtime.resource.ResourceCacheImpl)
2016-06-21 12:34:02,330 - Loaded System Directive: org.apache.velocity.runtime.directive.Literal
2016-06-21 12:34:02,332 - Loaded System Directive: org.apache.velocity.runtime.directive.Macro
2016-06-21 12:34:02,334 - Loaded System Directive: org.apache.velocity.runtime.directive.Parse
2016-06-21 12:34:02,337 - Loaded System Directive: org.apache.velocity.runtime.directive.Include
2016-06-21 12:34:02,338 - Loaded System Directive: org.apache.velocity.runtime.directive.Foreach
2016-06-21 12:34:02,385 - Created '20' parsers.
2016-06-21 12:34:02,406 - Velocimacro : "velocimacro.library" is not set.  Trying default library: VM_global_library.vm
2016-06-21 12:34:02,407 - Velocimacro : Default library not found.
2016-06-21 12:34:02,407 - Velocimacro : allowInline = true : VMs can be defined inline in templates
2016-06-21 12:34:02,407 - Velocimacro : allowInlineToOverride = false : VMs defined inline may NOT replace previous VM definitions
2016-06-21 12:34:02,407 - Velocimacro : allowInlineLocal = false : VMs defined inline will be global in scope if allowed.
2016-06-21 12:34:02,407 - Velocimacro : autoload off : VM system will not automatically reload global library macros
